Build started 7/1/2012 2:08:42 PM.
     1>Project "c:\Users\Aria\documents\visual studio 2010\Projects\Project Euler Problem 20 Solution\Project Euler Problem 20\Project Euler Problem 20.vcxproj" on node 2 (build target(s)).
     1>InitializeBuildStatus:
         Creating "Debug\Project Euler Problem 20.unsuccessfulbuild" because "AlwaysCreate" was specified.
       ClCompile:
         All outputs are up-to-date.
         C:\Program Files (x86)\Microsoft Visual Studio 10.0\VC\bin\CL.exe /c /ZI /nologo /W3 /WX- /Od /Oy- /D WIN32 /D _DEBUG /D _CONSOLE /D _UNICODE /D UNICODE /Gm /EHsc /RTC1 /MDd /GS /fp:precise /Zc:wchar_t /Zc:forScope /Yu"StdAfx.h" /Fp"Debug\Project Euler Problem 20.pch" /Fo"Debug\\" /Fd"Debug\vc100.pdb" /Gd /TP /analyze- /errorReport:prompt "Project Euler Problem 20.cpp"
         Project Euler Problem 20.cpp
       ManifestResourceCompile:
         All outputs are up-to-date.
       Link:
         C:\Program Files (x86)\Microsoft Visual Studio 10.0\VC\bin\link.exe /ERRORREPORT:PROMPT /OUT:"c:\users\aria\documents\visual studio 2010\Projects\Project Euler Problem 20 Solution\Debug\Project Euler Problem 20.exe" /INCREMENTAL /NOLOGO kernel32.lib user32.lib gdi32.lib winspool.lib comdlg32.lib advapi32.lib shell32.lib ole32.lib oleaut32.lib uuid.lib odbc32.lib odbccp32.lib /MANIFEST /ManifestFile:"Debug\Project Euler Problem 20.exe.intermediate.manifest" /MANIFESTUAC:"level='asInvoker' uiAccess='false'" /DEBUG /PDB:"c:\users\aria\documents\visual studio 2010\Projects\Project Euler Problem 20 Solution\Debug\Project Euler Problem 20.pdb" /SUBSYSTEM:CONSOLE /TLBID:1 /DYNAMICBASE /NXCOMPAT /IMPLIB:"c:\users\aria\documents\visual studio 2010\Projects\Project Euler Problem 20 Solution\Debug\Project Euler Problem 20.lib" /MACHINE:X86 "Debug\Project Euler Problem 20.exe.embed.manifest.res"
         "Debug\Project Euler Problem 20.obj"
         Debug\stdafx.obj
       Manifest:
         C:\Program Files (x86)\Microsoft SDKs\Windows\v7.0A\bin\mt.exe /nologo /verbose /out:"Debug\Project Euler Problem 20.exe.embed.manifest" /manifest "Debug\Project Euler Problem 20.exe.intermediate.manifest"
         All outputs are up-to-date.
       LinkEmbedManifest:
         All outputs are up-to-date.
         Project Euler Problem 20.vcxproj -> c:\users\aria\documents\visual studio 2010\Projects\Project Euler Problem 20 Solution\Debug\Project Euler Problem 20.exe
       FinalizeBuildStatus:
         Deleting file "Debug\Project Euler Problem 20.unsuccessfulbuild".
         Touching "Debug\Project Euler Problem 20.lastbuildstate".
     1>Done Building Project "c:\Users\Aria\documents\visual studio 2010\Projects\Project Euler Problem 20 Solution\Project Euler Problem 20\Project Euler Problem 20.vcxproj" (build target(s)).

Build succeeded.

Time Elapsed 00:00:01.16
